<?xml version="1.0" encoding="UTF-8"?>
<testng-results skipped="0" failed="0" ignored="0" total="1" passed="1">
  <reporter-output>
  </reporter-output>
  <suite name="Default suite" duration-ms="47" started-at="2022-01-12T13:01:44Z" finished-at="2022-01-12T13:01:44Z">
    <groups>
    </groups>
    <test name="Default test" duration-ms="47" started-at="2022-01-12T13:01:44Z" finished-at="2022-01-12T13:01:44Z">
      <class name="com.Mvn_Project.TestNg">
        <test-method status="PASS" signature="Testt()[pri:0, instance:com.Mvn_Project.TestNg@6279cee3]" name="Testt" duration-ms="16" started-at="2022-01-12T18:31:44Z" finished-at="2022-01-12T18:31:44Z">
          <reporter-output>
          </reporter-output>
        </test-method> <!-- Testt -->
      </class> <!-- com.Mvn_Project.TestNg -->
    </test> <!-- Default test -->
  </suite> <!-- Default suite -->
</testng-results>
